{
  "stats": {
    "suites": 1,
    "tests": 36,
    "passes": 36,
    "pending": 0,
    "failures": 0,
    "start": "2025-03-22T09:50:31.476Z",
    "end": "2025-03-22T09:51:13.035Z",
    "duration": 41559,
    "testsRegistered": 36,
    "passPercent": 100,
    "pendingPercent": 0,
    "other": 0,
    "hasOther": false,
    "skipped": 0,
    "hasSkipped": false
  },
  "results": [
    {
      "uuid": "9dc9d2d9-0b42-448f-a9da-b19ff4d0b0ad",
      "title": "",
      "fullFile": "cypress\\e2e\\responsive_tests.cy.js",
      "file": "cypress\\e2e\\responsive_tests.cy.js",
      "beforeHooks": [],
      "afterHooks": [],
      "tests": [],
      "suites": [
        {
          "uuid": "5f6b0dbe-ddc7-4156-b76f-21f210dca00a",
          "title": "Verify Responsive testing for the Profile Setting Form in various screen sizes",
          "fullFile": "",
          "file": "",
          "beforeHooks": [],
          "afterHooks": [],
          "tests": [
            {
              "title": "Verify visibility of elements on iphone SE screen",
              "fullTitle": "Verify Responsive testing for the Profile Setting Form in various screen sizes Verify visibility of elements on iphone SE screen",
              "timedOut": null,
              "duration": 2152,
              "state": "passed",
              "speed": "fast",
              "pass": true,
              "fail": false,
              "pending": false,
              "context": null,
              "code": "cy.viewport(viewport.viewportWidth, viewport.viewportHeight);\n_header.default.verifyHeaderElements();\n_SettingsPage.default.verifyHeader(_properties.default.header_font_size);\n_SettingsPage.default.verifyTabVisibility();\n_SettingsPage.default.verifyElementsVisible(_properties.default.display, _properties.default.padding);",
              "err": {},
              "uuid": "95355df2-bc0d-416e-92f0-0f6ba31cbd2c",
              "parentUUID": "5f6b0dbe-ddc7-4156-b76f-21f210dca00a",
              "isHook": false,
              "skipped": false
            },
            {
              "title": "Verify the \"Update Profile\" button at the bottom on iphone SE screen",
              "fullTitle": "Verify Responsive testing for the Profile Setting Form in various screen sizes Verify the \"Update Profile\" button at the bottom on iphone SE screen",
              "timedOut": null,
              "duration": 278,
              "state": "passed",
              "speed": "fast",
              "pass": true,
              "fail": false,
              "pending": false,
              "context": null,
              "code": "cy.viewport(viewport.viewportWidth, viewport.viewportHeight);\n_SettingsPage.default.verifyButton(_properties.default.padding);",
              "err": {},
              "uuid": "62e556f0-623a-40f2-8b12-d66773100471",
              "parentUUID": "5f6b0dbe-ddc7-4156-b76f-21f210dca00a",
              "isHook": false,
              "skipped": false
            },
            {
              "title": "Verify font size is readable on iphone SE screen",
              "fullTitle": "Verify Responsive testing for the Profile Setting Form in various screen sizes Verify font size is readable on iphone SE screen",
              "timedOut": null,
              "duration": 258,
              "state": "passed",
              "speed": "fast",
              "pass": true,
              "fail": false,
              "pending": false,
              "context": null,
              "code": "cy.viewport(viewport.viewportWidth, viewport.viewportHeight);\n_SettingsPage.default.verifyFontSize();",
              "err": {},
              "uuid": "a33b525e-8993-4c17-9522-3a0ab59cbfe0",
              "parentUUID": "5f6b0dbe-ddc7-4156-b76f-21f210dca00a",
              "isHook": false,
              "skipped": false
            },
            {
              "title": "Verify form layout on  iphone SE screen",
              "fullTitle": "Verify Responsive testing for the Profile Setting Form in various screen sizes Verify form layout on  iphone SE screen",
              "timedOut": null,
              "duration": 361,
              "state": "passed",
              "speed": "fast",
              "pass": true,
              "fail": false,
              "pending": false,
              "context": null,
              "code": "cy.viewport(viewport.viewportWidth, viewport.viewportHeight);\n_SettingsPage.default.verifyFormLayout(viewport.viewportWidth, _properties.default.display);",
              "err": {},
              "uuid": "eb6a71fb-acad-45f0-abc0-c98e5c02e1db",
              "parentUUID": "5f6b0dbe-ddc7-4156-b76f-21f210dca00a",
              "isHook": false,
              "skipped": false
            },
            {
              "title": "Verify scrolling to see all fields on iphone SE screen",
              "fullTitle": "Verify Responsive testing for the Profile Setting Form in various screen sizes Verify scrolling to see all fields on iphone SE screen",
              "timedOut": null,
              "duration": 479,
              "state": "passed",
              "speed": "fast",
              "pass": true,
              "fail": false,
              "pending": false,
              "context": null,
              "code": "cy.viewport(viewport.viewportWidth, viewport.viewportHeight);\n//cy.scrollTo(0, 1000);\n_SettingsPage.default.verifyElementsVisible(_properties.default.display, _properties.default.padding);",
              "err": {},
              "uuid": "45363ec0-6331-4eb9-84cd-9118dd8140de",
              "parentUUID": "5f6b0dbe-ddc7-4156-b76f-21f210dca00a",
              "isHook": false,
              "skipped": false
            },
            {
              "title": "Verify buttons are clickable on iphone SE screen",
              "fullTitle": "Verify Responsive testing for the Profile Setting Form in various screen sizes Verify buttons are clickable on iphone SE screen",
              "timedOut": null,
              "duration": 539,
              "state": "passed",
              "speed": "fast",
              "pass": true,
              "fail": false,
              "pending": false,
              "context": null,
              "code": "cy.viewport(viewport.viewportWidth, viewport.viewportHeight);\n_SettingsPage.default.getUpdateProfileBtn().should(\"be.enabled\").click().then(() => {\n  _SettingsPage.default.verifyValidationMessage(_settings.default.required_field_message);\n});",
              "err": {},
              "uuid": "66689931-b5a2-44cf-8024-2f53ba1abbef",
              "parentUUID": "5f6b0dbe-ddc7-4156-b76f-21f210dca00a",
              "isHook": false,
              "skipped": false
            },
            {
              "title": "Verify Footer visiblity and layout on  iphone SE screen",
              "fullTitle": "Verify Responsive testing for the Profile Setting Form in various screen sizes Verify Footer visiblity and layout on  iphone SE screen",
              "timedOut": null,
              "duration": 3175,
              "state": "passed",
              "speed": "fast",
              "pass": true,
              "fail": false,
              "pending": false,
              "context": null,
              "code": "cy.viewport(viewport.viewportWidth, viewport.viewportHeight);\n_header.default.verifyFooterElements(_properties.default.footer_font_size);",
              "err": {},
              "uuid": "101765bd-b5f6-4db9-975f-7ae41b5b0301",
              "parentUUID": "5f6b0dbe-ddc7-4156-b76f-21f210dca00a",
              "isHook": false,
              "skipped": false
            },
            {
              "title": "Verify that all links are working on   iphone SE screen",
              "fullTitle": "Verify Responsive testing for the Profile Setting Form in various screen sizes Verify that all links are working on   iphone SE screen",
              "timedOut": null,
              "duration": 457,
              "state": "passed",
              "speed": "fast",
              "pass": true,
              "fail": false,
              "pending": false,
              "context": null,
              "code": "cy.viewport(viewport.viewportWidth, viewport.viewportHeight);\n_header.default.verifyAllAnchorElements();",
              "err": {},
              "uuid": "157bb3c2-860a-4886-8239-145b1962015f",
              "parentUUID": "5f6b0dbe-ddc7-4156-b76f-21f210dca00a",
              "isHook": false,
              "skipped": false
            },
            {
              "title": "Verify element layout on Landscape mode of   iphone SE screen",
              "fullTitle": "Verify Responsive testing for the Profile Setting Form in various screen sizes Verify element layout on Landscape mode of   iphone SE screen",
              "timedOut": null,
              "duration": 745,
              "state": "passed",
              "speed": "fast",
              "pass": true,
              "fail": false,
              "pending": false,
              "context": null,
              "code": "cy.viewport(viewport.viewportHeight, viewport.viewportWidth);\n_header.default.verifyHeaderElements();\n_header.default.verifyAllAnchorElements();\n_header.default.verifyFooterElements(_properties.default.footer_font_size);\n_SettingsPage.default.verifyElementsVisible(_properties.default.display, _properties.default.padding);",
              "err": {},
              "uuid": "30c3ffc7-c97e-4457-ada8-64cebe4e696f",
              "parentUUID": "5f6b0dbe-ddc7-4156-b76f-21f210dca00a",
              "isHook": false,
              "skipped": false
            },
            {
              "title": "Verify form validation for all fields on iphone SE screen",
              "fullTitle": "Verify Responsive testing for the Profile Setting Form in various screen sizes Verify form validation for all fields on iphone SE screen",
              "timedOut": null,
              "duration": 3546,
              "state": "passed",
              "speed": "fast",
              "pass": true,
              "fail": false,
              "pending": false,
              "context": null,
              "code": "cy.viewport(viewport.viewportWidth, viewport.viewportHeight);\n_SettingsPage.default.enterdetails(_settings.default.Salutation, _settings.default.FirstName, _settings.default.LastName, _settings.default.DOB, _settings.default.address, _settings.default.City, _settings.default.State, _settings.default.Zip, _settings.default.Telephone, _settings.default.Email, _settings.default.Website);\n_SettingsPage.default.clickUpdateProfile();\n_SettingsPage.default.verifySuccessMessage(_settings.default.SuccessMessage, _properties.default.text_color);",
              "err": {},
              "uuid": "81f471fd-bb72-46fa-a28e-bb1ce37e1e38",
              "parentUUID": "5f6b0dbe-ddc7-4156-b76f-21f210dca00a",
              "isHook": false,
              "skipped": false
            },
            {
              "title": "Verify form validation message for required fields",
              "fullTitle": "Verify Responsive testing for the Profile Setting Form in various screen sizes Verify form validation message for required fields",
              "timedOut": null,
              "duration": 175,
              "state": "passed",
              "speed": "fast",
              "pass": true,
              "fail": false,
              "pending": false,
              "context": null,
              "code": "cy.viewport(viewport.viewportWidth, viewport.viewportHeight);\n_SettingsPage.default.enterdetails(null, _settings.default.emptyfield, _settings.default.emptyfield, _settings.default.emptyfield, null, _settings.default.emptyfield, _settings.default.emptyfield, null, _settings.default.emptyfield, _settings.default.emptyfield, null);\n_SettingsPage.default.clickUpdateProfile();\n_SettingsPage.default.verifyValidationMessage(settingsData.required_field_message);",
              "err": {},
              "uuid": "52597cca-f5ca-4660-86f9-ecfb72af2906",
              "parentUUID": "5f6b0dbe-ddc7-4156-b76f-21f210dca00a",
              "isHook": false,
              "skipped": false
            },
            {
              "title": "Verify form validation for invalid email on iphone SE screen",
              "fullTitle": "Verify Responsive testing for the Profile Setting Form in various screen sizes Verify form validation for invalid email on iphone SE screen",
              "timedOut": null,
              "duration": 3381,
              "state": "passed",
              "speed": "fast",
              "pass": true,
              "fail": false,
              "pending": false,
              "context": null,
              "code": "cy.viewport(viewport.viewportWidth, viewport.viewportHeight);\n_SettingsPage.default.enterdetails(_settings.default.Salutation, _settings.default.FirstName, _settings.default.LastName, _settings.default.DOB, _settings.default.address, _settings.default.City, _settings.default.State, _settings.default.Zip, _settings.default.Telephone, _settings.default.invalid_email, _settings.default.Website);\n_SettingsPage.default.clickUpdateProfile();\n_SettingsPage.default.verifyInvalidEmail();",
              "err": {},
              "uuid": "12248bb5-75a4-4716-922f-0e6c88c8d630",
              "parentUUID": "5f6b0dbe-ddc7-4156-b76f-21f210dca00a",
              "isHook": false,
              "skipped": false
            },
            {
              "title": "Verify visibility of elements on iphone 15Max screen",
              "fullTitle": "Verify Responsive testing for the Profile Setting Form in various screen sizes Verify visibility of elements on iphone 15Max screen",
              "timedOut": null,
              "duration": 575,
              "state": "passed",
              "speed": "fast",
              "pass": true,
              "fail": false,
              "pending": false,
              "context": null,
              "code": "cy.viewport(viewport.viewportWidth, viewport.viewportHeight);\n_header.default.verifyHeaderElements();\n_SettingsPage.default.verifyHeader(_properties.default.header_font_size);\n_SettingsPage.default.verifyTabVisibility();\n_SettingsPage.default.verifyElementsVisible(_properties.default.display, _properties.default.padding);",
              "err": {},
              "uuid": "cf2d1e7e-c892-480e-a28a-cede245ec832",
              "parentUUID": "5f6b0dbe-ddc7-4156-b76f-21f210dca00a",
              "isHook": false,
              "skipped": false
            },
            {
              "title": "Verify the \"Update Profile\" button at the bottom on iphone 15Max screen",
              "fullTitle": "Verify Responsive testing for the Profile Setting Form in various screen sizes Verify the \"Update Profile\" button at the bottom on iphone 15Max screen",
              "timedOut": null,
              "duration": 182,
              "state": "passed",
              "speed": "fast",
              "pass": true,
              "fail": false,
              "pending": false,
              "context": null,
              "code": "cy.viewport(viewport.viewportWidth, viewport.viewportHeight);\n_SettingsPage.default.verifyButton(_properties.default.padding);",
              "err": {},
              "uuid": "ea9f4cf2-6069-44e6-9764-bbcc49dd335c",
              "parentUUID": "5f6b0dbe-ddc7-4156-b76f-21f210dca00a",
              "isHook": false,
              "skipped": false
            },
            {
              "title": "Verify font size is readable on iphone 15Max screen",
              "fullTitle": "Verify Responsive testing for the Profile Setting Form in various screen sizes Verify font size is readable on iphone 15Max screen",
              "timedOut": null,
              "duration": 218,
              "state": "passed",
              "speed": "fast",
              "pass": true,
              "fail": false,
              "pending": false,
              "context": null,
              "code": "cy.viewport(viewport.viewportWidth, viewport.viewportHeight);\n_SettingsPage.default.verifyFontSize();",
              "err": {},
              "uuid": "f40e808c-48eb-4c64-a414-5ead8b53b0ed",
              "parentUUID": "5f6b0dbe-ddc7-4156-b76f-21f210dca00a",
              "isHook": false,
              "skipped": false
            },
            {
              "title": "Verify form layout on  iphone 15Max screen",
              "fullTitle": "Verify Responsive testing for the Profile Setting Form in various screen sizes Verify form layout on  iphone 15Max screen",
              "timedOut": null,
              "duration": 326,
              "state": "passed",
              "speed": "fast",
              "pass": true,
              "fail": false,
              "pending": false,
              "context": null,
              "code": "cy.viewport(viewport.viewportWidth, viewport.viewportHeight);\n_SettingsPage.default.verifyFormLayout(viewport.viewportWidth, _properties.default.display);",
              "err": {},
              "uuid": "640204ef-ea41-4975-ac6b-5c47030c4e75",
              "parentUUID": "5f6b0dbe-ddc7-4156-b76f-21f210dca00a",
              "isHook": false,
              "skipped": false
            },
            {
              "title": "Verify scrolling to see all fields on iphone 15Max screen",
              "fullTitle": "Verify Responsive testing for the Profile Setting Form in various screen sizes Verify scrolling to see all fields on iphone 15Max screen",
              "timedOut": null,
              "duration": 528,
              "state": "passed",
              "speed": "fast",
              "pass": true,
              "fail": false,
              "pending": false,
              "context": null,
              "code": "cy.viewport(viewport.viewportWidth, viewport.viewportHeight);\n//cy.scrollTo(0, 1000);\n_SettingsPage.default.verifyElementsVisible(_properties.default.display, _properties.default.padding);",
              "err": {},
              "uuid": "ae777973-9d07-4d0b-994a-a30986e274a2",
              "parentUUID": "5f6b0dbe-ddc7-4156-b76f-21f210dca00a",
              "isHook": false,
              "skipped": false
            },
            {
              "title": "Verify buttons are clickable on iphone 15Max screen",
              "fullTitle": "Verify Responsive testing for the Profile Setting Form in various screen sizes Verify buttons are clickable on iphone 15Max screen",
              "timedOut": null,
              "duration": 425,
              "state": "passed",
              "speed": "fast",
              "pass": true,
              "fail": false,
              "pending": false,
              "context": null,
              "code": "cy.viewport(viewport.viewportWidth, viewport.viewportHeight);\n_SettingsPage.default.getUpdateProfileBtn().should(\"be.enabled\").click().then(() => {\n  _SettingsPage.default.verifyValidationMessage(_settings.default.required_field_message);\n});",
              "err": {},
              "uuid": "3d8ae0ff-581d-4ba7-936e-751e74ac0e4d",
              "parentUUID": "5f6b0dbe-ddc7-4156-b76f-21f210dca00a",
              "isHook": false,
              "skipped": false
            },
            {
              "title": "Verify Footer visiblity and layout on  iphone 15Max screen",
              "fullTitle": "Verify Responsive testing for the Profile Setting Form in various screen sizes Verify Footer visiblity and layout on  iphone 15Max screen",
              "timedOut": null,
              "duration": 319,
              "state": "passed",
              "speed": "fast",
              "pass": true,
              "fail": false,
              "pending": false,
              "context": null,
              "code": "cy.viewport(viewport.viewportWidth, viewport.viewportHeight);\n_header.default.verifyFooterElements(_properties.default.footer_font_size);",
              "err": {},
              "uuid": "57b22087-0e5a-4c71-94d8-dc59b42c9f10",
              "parentUUID": "5f6b0dbe-ddc7-4156-b76f-21f210dca00a",
              "isHook": false,
              "skipped": false
            },
            {
              "title": "Verify that all links are working on   iphone 15Max screen",
              "fullTitle": "Verify Responsive testing for the Profile Setting Form in various screen sizes Verify that all links are working on   iphone 15Max screen",
              "timedOut": null,
              "duration": 594,
              "state": "passed",
              "speed": "fast",
              "pass": true,
              "fail": false,
              "pending": false,
              "context": null,
              "code": "cy.viewport(viewport.viewportWidth, viewport.viewportHeight);\n_header.default.verifyAllAnchorElements();",
              "err": {},
              "uuid": "6c6ba0c8-29fc-41b7-a458-8ec72661858f",
              "parentUUID": "5f6b0dbe-ddc7-4156-b76f-21f210dca00a",
              "isHook": false,
              "skipped": false
            },
            {
              "title": "Verify element layout on Landscape mode of   iphone 15Max screen",
              "fullTitle": "Verify Responsive testing for the Profile Setting Form in various screen sizes Verify element layout on Landscape mode of   iphone 15Max screen",
              "timedOut": null,
              "duration": 778,
              "state": "passed",
              "speed": "fast",
              "pass": true,
              "fail": false,
              "pending": false,
              "context": null,
              "code": "cy.viewport(viewport.viewportHeight, viewport.viewportWidth);\n_header.default.verifyHeaderElements();\n_header.default.verifyAllAnchorElements();\n_header.default.verifyFooterElements(_properties.default.footer_font_size);\n_SettingsPage.default.verifyElementsVisible(_properties.default.display, _properties.default.padding);",
              "err": {},
              "uuid": "889fc314-459b-44ec-80a2-a6c11663555d",
              "parentUUID": "5f6b0dbe-ddc7-4156-b76f-21f210dca00a",
              "isHook": false,
              "skipped": false
            },
            {
              "title": "Verify form validation for all fields on iphone 15Max screen",
              "fullTitle": "Verify Responsive testing for the Profile Setting Form in various screen sizes Verify form validation for all fields on iphone 15Max screen",
              "timedOut": null,
              "duration": 3716,
              "state": "passed",
              "speed": "fast",
              "pass": true,
              "fail": false,
              "pending": false,
              "context": null,
              "code": "cy.viewport(viewport.viewportWidth, viewport.viewportHeight);\n_SettingsPage.default.enterdetails(_settings.default.Salutation, _settings.default.FirstName, _settings.default.LastName, _settings.default.DOB, _settings.default.address, _settings.default.City, _settings.default.State, _settings.default.Zip, _settings.default.Telephone, _settings.default.Email, _settings.default.Website);\n_SettingsPage.default.clickUpdateProfile();\n_SettingsPage.default.verifySuccessMessage(_settings.default.SuccessMessage, _properties.default.text_color);",
              "err": {},
              "uuid": "59c13a0c-c9bc-4994-9fdd-ce41db8e5930",
              "parentUUID": "5f6b0dbe-ddc7-4156-b76f-21f210dca00a",
              "isHook": false,
              "skipped": false
            },
            {
              "title": "Verify form validation message for required fields",
              "fullTitle": "Verify Responsive testing for the Profile Setting Form in various screen sizes Verify form validation message for required fields",
              "timedOut": null,
              "duration": 221,
              "state": "passed",
              "speed": "fast",
              "pass": true,
              "fail": false,
              "pending": false,
              "context": null,
              "code": "cy.viewport(viewport.viewportWidth, viewport.viewportHeight);\n_SettingsPage.default.enterdetails(null, _settings.default.emptyfield, _settings.default.emptyfield, _settings.default.emptyfield, null, _settings.default.emptyfield, _settings.default.emptyfield, null, _settings.default.emptyfield, _settings.default.emptyfield, null);\n_SettingsPage.default.clickUpdateProfile();\n_SettingsPage.default.verifyValidationMessage(settingsData.required_field_message);",
              "err": {},
              "uuid": "da88d234-9604-4f6e-94c5-887892168769",
              "parentUUID": "5f6b0dbe-ddc7-4156-b76f-21f210dca00a",
              "isHook": false,
              "skipped": false
            },
            {
              "title": "Verify form validation for invalid email on iphone 15Max screen",
              "fullTitle": "Verify Responsive testing for the Profile Setting Form in various screen sizes Verify form validation for invalid email on iphone 15Max screen",
              "timedOut": null,
              "duration": 3596,
              "state": "passed",
              "speed": "fast",
              "pass": true,
              "fail": false,
              "pending": false,
              "context": null,
              "code": "cy.viewport(viewport.viewportWidth, viewport.viewportHeight);\n_SettingsPage.default.enterdetails(_settings.default.Salutation, _settings.default.FirstName, _settings.default.LastName, _settings.default.DOB, _settings.default.address, _settings.default.City, _settings.default.State, _settings.default.Zip, _settings.default.Telephone, _settings.default.invalid_email, _settings.default.Website);\n_SettingsPage.default.clickUpdateProfile();\n_SettingsPage.default.verifyInvalidEmail();",
              "err": {},
              "uuid": "ef901dd7-c1fc-4a43-a436-dcf92a89debb",
              "parentUUID": "5f6b0dbe-ddc7-4156-b76f-21f210dca00a",
              "isHook": false,
              "skipped": false
            },
            {
              "title": "Verify visibility of elements on iphone 15 screen",
              "fullTitle": "Verify Responsive testing for the Profile Setting Form in various screen sizes Verify visibility of elements on iphone 15 screen",
              "timedOut": null,
              "duration": 529,
              "state": "passed",
              "speed": "fast",
              "pass": true,
              "fail": false,
              "pending": false,
              "context": null,
              "code": "cy.viewport(viewport.viewportWidth, viewport.viewportHeight);\n_header.default.verifyHeaderElements();\n_SettingsPage.default.verifyHeader(_properties.default.header_font_size);\n_SettingsPage.default.verifyTabVisibility();\n_SettingsPage.default.verifyElementsVisible(_properties.default.display, _properties.default.padding);",
              "err": {},
              "uuid": "c11e2eaa-99a4-4f4b-8161-d9e11d202510",
              "parentUUID": "5f6b0dbe-ddc7-4156-b76f-21f210dca00a",
              "isHook": false,
              "skipped": false
            },
            {
              "title": "Verify the \"Update Profile\" button at the bottom on iphone 15 screen",
              "fullTitle": "Verify Responsive testing for the Profile Setting Form in various screen sizes Verify the \"Update Profile\" button at the bottom on iphone 15 screen",
              "timedOut": null,
              "duration": 171,
              "state": "passed",
              "speed": "fast",
              "pass": true,
              "fail": false,
              "pending": false,
              "context": null,
              "code": "cy.viewport(viewport.viewportWidth, viewport.viewportHeight);\n_SettingsPage.default.verifyButton(_properties.default.padding);",
              "err": {},
              "uuid": "7d5f6244-a6ef-438e-a19a-2af5fb67c06d",
              "parentUUID": "5f6b0dbe-ddc7-4156-b76f-21f210dca00a",
              "isHook": false,
              "skipped": false
            },
            {
              "title": "Verify font size is readable on iphone 15 screen",
              "fullTitle": "Verify Responsive testing for the Profile Setting Form in various screen sizes Verify font size is readable on iphone 15 screen",
              "timedOut": null,
              "duration": 201,
              "state": "passed",
              "speed": "fast",
              "pass": true,
              "fail": false,
              "pending": false,
              "context": null,
              "code": "cy.viewport(viewport.viewportWidth, viewport.viewportHeight);\n_SettingsPage.default.verifyFontSize();",
              "err": {},
              "uuid": "aacf026c-de88-41b1-8962-a5512c8e894a",
              "parentUUID": "5f6b0dbe-ddc7-4156-b76f-21f210dca00a",
              "isHook": false,
              "skipped": false
            },
            {
              "title": "Verify form layout on  iphone 15 screen",
              "fullTitle": "Verify Responsive testing for the Profile Setting Form in various screen sizes Verify form layout on  iphone 15 screen",
              "timedOut": null,
              "duration": 253,
              "state": "passed",
              "speed": "fast",
              "pass": true,
              "fail": false,
              "pending": false,
              "context": null,
              "code": "cy.viewport(viewport.viewportWidth, viewport.viewportHeight);\n_SettingsPage.default.verifyFormLayout(viewport.viewportWidth, _properties.default.display);",
              "err": {},
              "uuid": "ab18c2a1-90e7-4a6e-b0f6-706e6a3a3c6d",
              "parentUUID": "5f6b0dbe-ddc7-4156-b76f-21f210dca00a",
              "isHook": false,
              "skipped": false
            },
            {
              "title": "Verify scrolling to see all fields on iphone 15 screen",
              "fullTitle": "Verify Responsive testing for the Profile Setting Form in various screen sizes Verify scrolling to see all fields on iphone 15 screen",
              "timedOut": null,
              "duration": 294,
              "state": "passed",
              "speed": "fast",
              "pass": true,
              "fail": false,
              "pending": false,
              "context": null,
              "code": "cy.viewport(viewport.viewportWidth, viewport.viewportHeight);\n//cy.scrollTo(0, 1000);\n_SettingsPage.default.verifyElementsVisible(_properties.default.display, _properties.default.padding);",
              "err": {},
              "uuid": "a9792f75-f98a-4adc-8c6f-9a04a850d5cc",
              "parentUUID": "5f6b0dbe-ddc7-4156-b76f-21f210dca00a",
              "isHook": false,
              "skipped": false
            },
            {
              "title": "Verify buttons are clickable on iphone 15 screen",
              "fullTitle": "Verify Responsive testing for the Profile Setting Form in various screen sizes Verify buttons are clickable on iphone 15 screen",
              "timedOut": null,
              "duration": 276,
              "state": "passed",
              "speed": "fast",
              "pass": true,
              "fail": false,
              "pending": false,
              "context": null,
              "code": "cy.viewport(viewport.viewportWidth, viewport.viewportHeight);\n_SettingsPage.default.getUpdateProfileBtn().should(\"be.enabled\").click().then(() => {\n  _SettingsPage.default.verifyValidationMessage(_settings.default.required_field_message);\n});",
              "err": {},
              "uuid": "a18e3d57-a5a0-49d8-b411-7237ae30de6d",
              "parentUUID": "5f6b0dbe-ddc7-4156-b76f-21f210dca00a",
              "isHook": false,
              "skipped": false
            },
            {
              "title": "Verify Footer visiblity and layout on  iphone 15 screen",
              "fullTitle": "Verify Responsive testing for the Profile Setting Form in various screen sizes Verify Footer visiblity and layout on  iphone 15 screen",
              "timedOut": null,
              "duration": 210,
              "state": "passed",
              "speed": "fast",
              "pass": true,
              "fail": false,
              "pending": false,
              "context": null,
              "code": "cy.viewport(viewport.viewportWidth, viewport.viewportHeight);\n_header.default.verifyFooterElements(_properties.default.footer_font_size);",
              "err": {},
              "uuid": "3e0f82b6-1647-44bb-89f7-0b0ba857833e",
              "parentUUID": "5f6b0dbe-ddc7-4156-b76f-21f210dca00a",
              "isHook": false,
              "skipped": false
            },
            {
              "title": "Verify that all links are working on   iphone 15 screen",
              "fullTitle": "Verify Responsive testing for the Profile Setting Form in various screen sizes Verify that all links are working on   iphone 15 screen",
              "timedOut": null,
              "duration": 414,
              "state": "passed",
              "speed": "fast",
              "pass": true,
              "fail": false,
              "pending": false,
              "context": null,
              "code": "cy.viewport(viewport.viewportWidth, viewport.viewportHeight);\n_header.default.verifyAllAnchorElements();",
              "err": {},
              "uuid": "91926f68-476c-4205-b391-221883c1a84e",
              "parentUUID": "5f6b0dbe-ddc7-4156-b76f-21f210dca00a",
              "isHook": false,
              "skipped": false
            },
            {
              "title": "Verify element layout on Landscape mode of   iphone 15 screen",
              "fullTitle": "Verify Responsive testing for the Profile Setting Form in various screen sizes Verify element layout on Landscape mode of   iphone 15 screen",
              "timedOut": null,
              "duration": 450,
              "state": "passed",
              "speed": "fast",
              "pass": true,
              "fail": false,
              "pending": false,
              "context": null,
              "code": "cy.viewport(viewport.viewportHeight, viewport.viewportWidth);\n_header.default.verifyHeaderElements();\n_header.default.verifyAllAnchorElements();\n_header.default.verifyFooterElements(_properties.default.footer_font_size);\n_SettingsPage.default.verifyElementsVisible(_properties.default.display, _properties.default.padding);",
              "err": {},
              "uuid": "c6102bce-c6ef-41d8-8fb4-e6ee1136cd72",
              "parentUUID": "5f6b0dbe-ddc7-4156-b76f-21f210dca00a",
              "isHook": false,
              "skipped": false
            },
            {
              "title": "Verify form validation for all fields on iphone 15 screen",
              "fullTitle": "Verify Responsive testing for the Profile Setting Form in various screen sizes Verify form validation for all fields on iphone 15 screen",
              "timedOut": null,
              "duration": 3545,
              "state": "passed",
              "speed": "fast",
              "pass": true,
              "fail": false,
              "pending": false,
              "context": null,
              "code": "cy.viewport(viewport.viewportWidth, viewport.viewportHeight);\n_SettingsPage.default.enterdetails(_settings.default.Salutation, _settings.default.FirstName, _settings.default.LastName, _settings.default.DOB, _settings.default.address, _settings.default.City, _settings.default.State, _settings.default.Zip, _settings.default.Telephone, _settings.default.Email, _settings.default.Website);\n_SettingsPage.default.clickUpdateProfile();\n_SettingsPage.default.verifySuccessMessage(_settings.default.SuccessMessage, _properties.default.text_color);",
              "err": {},
              "uuid": "cffbae9b-3db6-4b9b-97a1-23be5fa8a545",
              "parentUUID": "5f6b0dbe-ddc7-4156-b76f-21f210dca00a",
              "isHook": false,
              "skipped": false
            },
            {
              "title": "Verify form validation message for required fields",
              "fullTitle": "Verify Responsive testing for the Profile Setting Form in various screen sizes Verify form validation message for required fields",
              "timedOut": null,
              "duration": 142,
              "state": "passed",
              "speed": "fast",
              "pass": true,
              "fail": false,
              "pending": false,
              "context": null,
              "code": "cy.viewport(viewport.viewportWidth, viewport.viewportHeight);\n_SettingsPage.default.enterdetails(null, _settings.default.emptyfield, _settings.default.emptyfield, _settings.default.emptyfield, null, _settings.default.emptyfield, _settings.default.emptyfield, null, _settings.default.emptyfield, _settings.default.emptyfield, null);\n_SettingsPage.default.clickUpdateProfile();\n_SettingsPage.default.verifyValidationMessage(settingsData.required_field_message);",
              "err": {},
              "uuid": "e723c17d-9ad5-4637-b5e1-180dba5921dd",
              "parentUUID": "5f6b0dbe-ddc7-4156-b76f-21f210dca00a",
              "isHook": false,
              "skipped": false
            },
            {
              "title": "Verify form validation for invalid email on iphone 15 screen",
              "fullTitle": "Verify Responsive testing for the Profile Setting Form in various screen sizes Verify form validation for invalid email on iphone 15 screen",
              "timedOut": null,
              "duration": 3451,
              "state": "passed",
              "speed": "fast",
              "pass": true,
              "fail": false,
              "pending": false,
              "context": null,
              "code": "cy.viewport(viewport.viewportWidth, viewport.viewportHeight);\n_SettingsPage.default.enterdetails(_settings.default.Salutation, _settings.default.FirstName, _settings.default.LastName, _settings.default.DOB, _settings.default.address, _settings.default.City, _settings.default.State, _settings.default.Zip, _settings.default.Telephone, _settings.default.invalid_email, _settings.default.Website);\n_SettingsPage.default.clickUpdateProfile();\n_SettingsPage.default.verifyInvalidEmail();",
              "err": {},
              "uuid": "f667876e-2457-48fa-90ad-2f03b7fbe20b",
              "parentUUID": "5f6b0dbe-ddc7-4156-b76f-21f210dca00a",
              "isHook": false,
              "skipped": false
            }
          ],
          "suites": [],
          "passes": [
            "95355df2-bc0d-416e-92f0-0f6ba31cbd2c",
            "62e556f0-623a-40f2-8b12-d66773100471",
            "a33b525e-8993-4c17-9522-3a0ab59cbfe0",
            "eb6a71fb-acad-45f0-abc0-c98e5c02e1db",
            "45363ec0-6331-4eb9-84cd-9118dd8140de",
            "66689931-b5a2-44cf-8024-2f53ba1abbef",
            "101765bd-b5f6-4db9-975f-7ae41b5b0301",
            "157bb3c2-860a-4886-8239-145b1962015f",
            "30c3ffc7-c97e-4457-ada8-64cebe4e696f",
            "81f471fd-bb72-46fa-a28e-bb1ce37e1e38",
            "52597cca-f5ca-4660-86f9-ecfb72af2906",
            "12248bb5-75a4-4716-922f-0e6c88c8d630",
            "cf2d1e7e-c892-480e-a28a-cede245ec832",
            "ea9f4cf2-6069-44e6-9764-bbcc49dd335c",
            "f40e808c-48eb-4c64-a414-5ead8b53b0ed",
            "640204ef-ea41-4975-ac6b-5c47030c4e75",
            "ae777973-9d07-4d0b-994a-a30986e274a2",
            "3d8ae0ff-581d-4ba7-936e-751e74ac0e4d",
            "57b22087-0e5a-4c71-94d8-dc59b42c9f10",
            "6c6ba0c8-29fc-41b7-a458-8ec72661858f",
            "889fc314-459b-44ec-80a2-a6c11663555d",
            "59c13a0c-c9bc-4994-9fdd-ce41db8e5930",
            "da88d234-9604-4f6e-94c5-887892168769",
            "ef901dd7-c1fc-4a43-a436-dcf92a89debb",
            "c11e2eaa-99a4-4f4b-8161-d9e11d202510",
            "7d5f6244-a6ef-438e-a19a-2af5fb67c06d",
            "aacf026c-de88-41b1-8962-a5512c8e894a",
            "ab18c2a1-90e7-4a6e-b0f6-706e6a3a3c6d",
            "a9792f75-f98a-4adc-8c6f-9a04a850d5cc",
            "a18e3d57-a5a0-49d8-b411-7237ae30de6d",
            "3e0f82b6-1647-44bb-89f7-0b0ba857833e",
            "91926f68-476c-4205-b391-221883c1a84e",
            "c6102bce-c6ef-41d8-8fb4-e6ee1136cd72",
            "cffbae9b-3db6-4b9b-97a1-23be5fa8a545",
            "e723c17d-9ad5-4637-b5e1-180dba5921dd",
            "f667876e-2457-48fa-90ad-2f03b7fbe20b"
          ],
          "failures": [],
          "pending": [],
          "skipped": [],
          "duration": 36960,
          "root": false,
          "rootEmpty": false,
          "_timeout": 2000
        }
      ],
      "passes": [],
      "failures": [],
      "pending": [],
      "skipped": [],
      "duration": 0,
      "root": true,
      "rootEmpty": true,
      "_timeout": 2000
    }
  ],
  "meta": {
    "mocha": {
      "version": "7.0.1"
    },
    "mochawesome": {
      "options": {
        "quiet": false,
        "reportFilename": "mochawesome",
        "saveHtml": false,
        "saveJson": true,
        "consoleReporter": "spec",
        "useInlineDiffs": false,
        "code": true
      },
      "version": "7.1.3"
    },
    "marge": {
      "options": {
        "id": "default",
        "reportDir": "cypress/reports/mocha",
        "quite": true,
        "overwrite": false,
        "html": false,
        "json": true,
        "charts": true
      },
      "version": "6.2.0"
    }
  }
}